2022-01-27 13:55:09 下午 [Thread: main][ Class:org.springframework.data.repository.config.RepositoryConfigurationDelegate >> Method: org.springframework.data.repository.config.RepositoryConfigurationDelegate.multipleStoresDetected(RepositoryConfigurationDelegate.java:249) ]
INFO:Multiple Spring Data modules found, entering strict repository configuration mode!
2022-01-27 13:55:09 下午 [Thread: main][ Class:org.springframework.data.repository.config.RepositoryConfigurationDelegate >> Method: org.springframework.data.repository.config.RepositoryConfigurationDelegate.registerRepositoriesIn(RepositoryConfigurationDelegate.java:127) ]
INFO:Bootstrapping Spring Data MongoDB repositories in DEFAULT mode.
2022-01-27 13:55:09 下午 [Thread: main][ Class:org.springframework.data.repository.config.RepositoryConfigurationDelegate >> Method: org.springframework.data.repository.config.RepositoryConfigurationDelegate.registerRepositoriesIn(RepositoryConfigurationDelegate.java:187) ]
INFO:Finished Spring Data repository scanning in 107ms. Found 37 MongoDB repository interfaces.
2022-01-27 13:55:09 下午 [Thread: main][ Class:org.springframework.data.repository.config.RepositoryConfigurationDelegate >> Method: org.springframework.data.repository.config.RepositoryConfigurationDelegate.multipleStoresDetected(RepositoryConfigurationDelegate.java:249) ]
INFO:Multiple Spring Data modules found, entering strict repository configuration mode!
2022-01-27 13:55:09 下午 [Thread: main][ Class:org.springframework.data.repository.config.RepositoryConfigurationDelegate >> Method: org.springframework.data.repository.config.RepositoryConfigurationDelegate.registerRepositoriesIn(RepositoryConfigurationDelegate.java:127) ]
INFO:Bootstrapping Spring Data JPA repositories in DEFERRED mode.
2022-01-27 13:55:09 下午 [Thread: main][ Class:org.springframework.data.repository.config.RepositoryConfigurationDelegate >> Method: org.springframework.data.repository.config.RepositoryConfigurationDelegate.registerRepositoriesIn(RepositoryConfigurationDelegate.java:187) ]
INFO:Finished Spring Data repository scanning in 16ms. Found 0 JPA repository interfaces.
2022-01-27 13:55:09 下午 [Thread: main][ Class:org.springframework.data.repository.config.RepositoryConfigurationDelegate >> Method: org.springframework.data.repository.config.RepositoryConfigurationDelegate.multipleStoresDetected(RepositoryConfigurationDelegate.java:249) ]
INFO:Multiple Spring Data modules found, entering strict repository configuration mode!
2022-01-27 13:55:09 下午 [Thread: main][ Class:org.springframework.data.repository.config.RepositoryConfigurationDelegate >> Method: org.springframework.data.repository.config.RepositoryConfigurationDelegate.registerRepositoriesIn(RepositoryConfigurationDelegate.java:127) ]
INFO:Bootstrapping Spring Data Redis repositories in DEFAULT mode.
2022-01-27 13:55:09 下午 [Thread: main][ Class:org.springframework.data.repository.config.RepositoryConfigurationDelegate >> Method: org.springframework.data.repository.config.RepositoryConfigurationDelegate.registerRepositoriesIn(RepositoryConfigurationDelegate.java:187) ]
INFO:Finished Spring Data repository scanning in 6ms. Found 0 Redis repository interfaces.
2022-01-27 13:55:10 下午 [Thread: main][ Class:com.zaxxer.hikari.HikariDataSource >> Method: com.zaxxer.hikari.HikariDataSource.getConnection(HikariDataSource.java:110) ]
INFO:HikariPool-1 - Starting...
2022-01-27 13:55:10 下午 [Thread: main][ Class:com.zaxxer.hikari.HikariDataSource >> Method: com.zaxxer.hikari.HikariDataSource.getConnection(HikariDataSource.java:123) ]
INFO:HikariPool-1 - Start completed.
2022-01-27 13:55:10 下午 [Thread: main][ Class:org.redisson.Version >> Method: org.redisson.Version.logVersion(Version.java:41) ]
INFO:Redisson 3.16.1
2022-01-27 13:55:11 下午 [Thread: redisson-netty-4-6][ Class:org.redisson.connection.pool.MasterPubSubConnectionPool >> Method: org.redisson.connection.pool.ConnectionPool$1.lambda$run$0(ConnectionPool.java:166) ]
INFO:1 connections initialized for localhost/127.0.0.1:6379
2022-01-27 13:55:11 下午 [Thread: redisson-netty-4-5][ Class:org.redisson.connection.pool.MasterConnectionPool >> Method: org.redisson.connection.pool.ConnectionPool$1.lambda$run$0(ConnectionPool.java:166) ]
INFO:1 connections initialized for localhost/127.0.0.1:6379
2022-01-27 13:55:11 下午 [Thread: main][ Class:org.mongodb.driver.cluster >> Method: com.mongodb.diagnostics.logging.SLF4JLogger.info(SLF4JLogger.java:71) ]
INFO:Cluster created with settings {hosts=[localhost:27017], mode=MULTIPLE, requiredClusterType=REPLICA_SET, serverSelectionTimeout='30000 ms', requiredReplicaSetName='rs0'}
2022-01-27 13:55:11 下午 [Thread: main][ Class:org.mongodb.driver.cluster >> Method: com.mongodb.diagnostics.logging.SLF4JLogger.info(SLF4JLogger.java:71) ]
INFO:Adding discovered server localhost:27017 to client view of cluster
2022-01-27 13:55:11 下午 [Thread: cluster-ClusterId{value='61f233bfc2d7d21a2b2e253d', description='null'}-localhost:27017][ Class:org.mongodb.driver.connection >> Method: com.mongodb.diagnostics.logging.SLF4JLogger.info(SLF4JLogger.java:71) ]
INFO:Opened connection [connectionId{localValue:1, serverValue:558}] to localhost:27017
2022-01-27 13:55:11 下午 [Thread: cluster-ClusterId{value='61f233bfc2d7d21a2b2e253d', description='null'}-localhost:27017][ Class:org.mongodb.driver.cluster >> Method: com.mongodb.diagnostics.logging.SLF4JLogger.info(SLF4JLogger.java:71) ]
INFO:Monitor thread successfully connected to server with description ServerDescription{address=localhost:27017, type=REPLICA_SET_PRIMARY, state=CONNECTED, ok=true, minWireVersion=0, maxWireVersion=9, maxDocumentSize=16777216, logicalSessionTimeoutMinutes=30, roundTripTimeNanos=3768100, setName='rs0', canonicalAddress=localhost:27017, hosts=[localhost:27017], passives=[], arbiters=[], primary='localhost:27017', tagSet=TagSet{[]}, electionId=7fffffff0000000000000014, setVersion=1, lastWriteDate=Thu Jan 27 13:54:54 CST 2022, lastUpdateTimeNanos=593906449269800}
2022-01-27 13:55:11 下午 [Thread: cluster-ClusterId{value='61f233bfc2d7d21a2b2e253d', description='null'}-localhost:27017][ Class:org.mongodb.driver.cluster >> Method: com.mongodb.diagnostics.logging.SLF4JLogger.info(SLF4JLogger.java:71) ]
INFO:Setting max election id to 7fffffff0000000000000014 from replica set primary localhost:27017
2022-01-27 13:55:11 下午 [Thread: cluster-ClusterId{value='61f233bfc2d7d21a2b2e253d', description='null'}-localhost:27017][ Class:org.mongodb.driver.cluster >> Method: com.mongodb.diagnostics.logging.SLF4JLogger.info(SLF4JLogger.java:71) ]
INFO:Setting max set version to 1 from replica set primary localhost:27017
2022-01-27 13:55:11 下午 [Thread: cluster-ClusterId{value='61f233bfc2d7d21a2b2e253d', description='null'}-localhost:27017][ Class:org.mongodb.driver.cluster >> Method: com.mongodb.diagnostics.logging.SLF4JLogger.info(SLF4JLogger.java:71) ]
INFO:Discovered replica set primary localhost:27017
2022-01-27 13:55:11 下午 [Thread: main][ Class:org.springframework.data.convert.CustomConversions >> Method: org.springframework.data.convert.CustomConversions.register(CustomConversions.java:263) ]
WARN:Registering converter from class java.time.LocalDateTime to class org.joda.time.LocalDateTime as reading converter although it doesn't convert from a store-supported type! You might want to check your annotation setup at the converter implementation.
2022-01-27 13:55:11 下午 [Thread: main][ Class:org.springframework.data.convert.CustomConversions >> Method: org.springframework.data.convert.CustomConversions.register(CustomConversions.java:263) ]
WARN:Registering converter from class java.time.LocalDateTime to class org.joda.time.LocalDateTime as reading converter although it doesn't convert from a store-supported type! You might want to check your annotation setup at the converter implementation.
2022-01-27 13:55:11 下午 [Thread: main][ Class:org.mongodb.driver.connection >> Method: com.mongodb.diagnostics.logging.SLF4JLogger.info(SLF4JLogger.java:71) ]
INFO:Opened connection [connectionId{localValue:2, serverValue:559}] to localhost:27017
2022-01-27 13:55:13 下午 [Thread: main][ Class:org.springframework.data.repository.config.DeferredRepositoryInitializationListener >> Method: org.springframework.data.repository.config.DeferredRepositoryInitializationListener.onApplicationEvent(DeferredRepositoryInitializationListener.java:49) ]
INFO:Triggering deferred initialization of Spring Data repositories…
2022-01-27 13:55:13 下午 [Thread: main][ Class:org.springframework.data.repository.config.DeferredRepositoryInitializationListener >> Method: org.springframework.data.repository.config.DeferredRepositoryInitializationListener.onApplicationEvent(DeferredRepositoryInitializationListener.java:53) ]
INFO:Spring Data repositories initialized!
2022-01-27 14:06:58 下午 [Thread: main][ Class:org.springframework.data.repository.config.RepositoryConfigurationDelegate >> Method: org.springframework.data.repository.config.RepositoryConfigurationDelegate.multipleStoresDetected(RepositoryConfigurationDelegate.java:249) ]
INFO:Multiple Spring Data modules found, entering strict repository configuration mode!
2022-01-27 14:06:58 下午 [Thread: main][ Class:org.springframework.data.repository.config.RepositoryConfigurationDelegate >> Method: org.springframework.data.repository.config.RepositoryConfigurationDelegate.registerRepositoriesIn(RepositoryConfigurationDelegate.java:127) ]
INFO:Bootstrapping Spring Data MongoDB repositories in DEFAULT mode.
2022-01-27 14:06:58 下午 [Thread: main][ Class:org.springframework.data.repository.config.RepositoryConfigurationDelegate >> Method: org.springframework.data.repository.config.RepositoryConfigurationDelegate.registerRepositoriesIn(RepositoryConfigurationDelegate.java:187) ]
INFO:Finished Spring Data repository scanning in 146ms. Found 37 MongoDB repository interfaces.
2022-01-27 14:06:59 下午 [Thread: main][ Class:org.springframework.data.repository.config.RepositoryConfigurationDelegate >> Method: org.springframework.data.repository.config.RepositoryConfigurationDelegate.multipleStoresDetected(RepositoryConfigurationDelegate.java:249) ]
INFO:Multiple Spring Data modules found, entering strict repository configuration mode!
2022-01-27 14:06:59 下午 [Thread: main][ Class:org.springframework.data.repository.config.RepositoryConfigurationDelegate >> Method: org.springframework.data.repository.config.RepositoryConfigurationDelegate.registerRepositoriesIn(RepositoryConfigurationDelegate.java:127) ]
INFO:Bootstrapping Spring Data JPA repositories in DEFERRED mode.
2022-01-27 14:06:59 下午 [Thread: main][ Class:org.springframework.data.repository.config.RepositoryConfigurationDelegate >> Method: org.springframework.data.repository.config.RepositoryConfigurationDelegate.registerRepositoriesIn(RepositoryConfigurationDelegate.java:187) ]
INFO:Finished Spring Data repository scanning in 31ms. Found 0 JPA repository interfaces.
2022-01-27 14:06:59 下午 [Thread: main][ Class:org.springframework.data.repository.config.RepositoryConfigurationDelegate >> Method: org.springframework.data.repository.config.RepositoryConfigurationDelegate.multipleStoresDetected(RepositoryConfigurationDelegate.java:249) ]
INFO:Multiple Spring Data modules found, entering strict repository configuration mode!
2022-01-27 14:06:59 下午 [Thread: main][ Class:org.springframework.data.repository.config.RepositoryConfigurationDelegate >> Method: org.springframework.data.repository.config.RepositoryConfigurationDelegate.registerRepositoriesIn(RepositoryConfigurationDelegate.java:127) ]
INFO:Bootstrapping Spring Data Redis repositories in DEFAULT mode.
2022-01-27 14:06:59 下午 [Thread: main][ Class:org.springframework.data.repository.config.RepositoryConfigurationDelegate >> Method: org.springframework.data.repository.config.RepositoryConfigurationDelegate.registerRepositoriesIn(RepositoryConfigurationDelegate.java:187) ]
INFO:Finished Spring Data repository scanning in 6ms. Found 0 Redis repository interfaces.
2022-01-27 14:07:00 下午 [Thread: main][ Class:com.zaxxer.hikari.HikariDataSource >> Method: com.zaxxer.hikari.HikariDataSource.getConnection(HikariDataSource.java:110) ]
INFO:HikariPool-1 - Starting...
2022-01-27 14:07:00 下午 [Thread: main][ Class:com.zaxxer.hikari.HikariDataSource >> Method: com.zaxxer.hikari.HikariDataSource.getConnection(HikariDataSource.java:123) ]
INFO:HikariPool-1 - Start completed.
2022-01-27 14:07:00 下午 [Thread: main][ Class:org.redisson.Version >> Method: org.redisson.Version.logVersion(Version.java:41) ]
INFO:Redisson 3.16.1
2022-01-27 14:07:02 下午 [Thread: redisson-netty-4-6][ Class:org.redisson.connection.pool.MasterPubSubConnectionPool >> Method: org.redisson.connection.pool.ConnectionPool$1.lambda$run$0(ConnectionPool.java:166) ]
INFO:1 connections initialized for localhost/127.0.0.1:6379
2022-01-27 14:07:02 下午 [Thread: redisson-netty-4-5][ Class:org.redisson.connection.pool.MasterConnectionPool >> Method: org.redisson.connection.pool.ConnectionPool$1.lambda$run$0(ConnectionPool.java:166) ]
INFO:1 connections initialized for localhost/127.0.0.1:6379
2022-01-27 14:07:02 下午 [Thread: main][ Class:org.mongodb.driver.cluster >> Method: com.mongodb.diagnostics.logging.SLF4JLogger.info(SLF4JLogger.java:71) ]
INFO:Cluster created with settings {hosts=[localhost:27017], mode=MULTIPLE, requiredClusterType=REPLICA_SET, serverSelectionTimeout='30000 ms', requiredReplicaSetName='rs0'}
2022-01-27 14:07:02 下午 [Thread: main][ Class:org.mongodb.driver.cluster >> Method: com.mongodb.diagnostics.logging.SLF4JLogger.info(SLF4JLogger.java:71) ]
INFO:Adding discovered server localhost:27017 to client view of cluster
2022-01-27 14:07:02 下午 [Thread: cluster-ClusterId{value='61f23686555c930abef7cde7', description='null'}-localhost:27017][ Class:org.mongodb.driver.connection >> Method: com.mongodb.diagnostics.logging.SLF4JLogger.info(SLF4JLogger.java:71) ]
INFO:Opened connection [connectionId{localValue:1, serverValue:575}] to localhost:27017
2022-01-27 14:07:02 下午 [Thread: cluster-ClusterId{value='61f23686555c930abef7cde7', description='null'}-localhost:27017][ Class:org.mongodb.driver.cluster >> Method: com.mongodb.diagnostics.logging.SLF4JLogger.info(SLF4JLogger.java:71) ]
INFO:Monitor thread successfully connected to server with description ServerDescription{address=localhost:27017, type=REPLICA_SET_PRIMARY, state=CONNECTED, ok=true, minWireVersion=0, maxWireVersion=9, maxDocumentSize=16777216, logicalSessionTimeoutMinutes=30, roundTripTimeNanos=16567500, setName='rs0', canonicalAddress=localhost:27017, hosts=[localhost:27017], passives=[], arbiters=[], primary='localhost:27017', tagSet=TagSet{[]}, electionId=7fffffff0000000000000014, setVersion=1, lastWriteDate=Thu Jan 27 14:06:45 CST 2022, lastUpdateTimeNanos=594617469296400}
2022-01-27 14:07:02 下午 [Thread: cluster-ClusterId{value='61f23686555c930abef7cde7', description='null'}-localhost:27017][ Class:org.mongodb.driver.cluster >> Method: com.mongodb.diagnostics.logging.SLF4JLogger.info(SLF4JLogger.java:71) ]
INFO:Setting max election id to 7fffffff0000000000000014 from replica set primary localhost:27017
2022-01-27 14:07:02 下午 [Thread: cluster-ClusterId{value='61f23686555c930abef7cde7', description='null'}-localhost:27017][ Class:org.mongodb.driver.cluster >> Method: com.mongodb.diagnostics.logging.SLF4JLogger.info(SLF4JLogger.java:71) ]
INFO:Setting max set version to 1 from replica set primary localhost:27017
2022-01-27 14:07:02 下午 [Thread: cluster-ClusterId{value='61f23686555c930abef7cde7', description='null'}-localhost:27017][ Class:org.mongodb.driver.cluster >> Method: com.mongodb.diagnostics.logging.SLF4JLogger.info(SLF4JLogger.java:71) ]
INFO:Discovered replica set primary localhost:27017
2022-01-27 14:07:02 下午 [Thread: main][ Class:org.springframework.data.convert.CustomConversions >> Method: org.springframework.data.convert.CustomConversions.register(CustomConversions.java:263) ]
WARN:Registering converter from class java.time.LocalDateTime to class org.joda.time.LocalDateTime as reading converter although it doesn't convert from a store-supported type! You might want to check your annotation setup at the converter implementation.
2022-01-27 14:07:02 下午 [Thread: main][ Class:org.springframework.data.convert.CustomConversions >> Method: org.springframework.data.convert.CustomConversions.register(CustomConversions.java:263) ]
WARN:Registering converter from class java.time.LocalDateTime to class org.joda.time.LocalDateTime as reading converter although it doesn't convert from a store-supported type! You might want to check your annotation setup at the converter implementation.
2022-01-27 14:07:03 下午 [Thread: main][ Class:org.mongodb.driver.connection >> Method: com.mongodb.diagnostics.logging.SLF4JLogger.info(SLF4JLogger.java:71) ]
INFO:Opened connection [connectionId{localValue:2, serverValue:577}] to localhost:27017
2022-01-27 14:07:04 下午 [Thread: main][ Class:org.springframework.data.repository.config.DeferredRepositoryInitializationListener >> Method: org.springframework.data.repository.config.DeferredRepositoryInitializationListener.onApplicationEvent(DeferredRepositoryInitializationListener.java:49) ]
INFO:Triggering deferred initialization of Spring Data repositories…
2022-01-27 14:07:04 下午 [Thread: main][ Class:org.springframework.data.repository.config.DeferredRepositoryInitializationListener >> Method: org.springframework.data.repository.config.DeferredRepositoryInitializationListener.onApplicationEvent(DeferredRepositoryInitializationListener.java:53) ]
INFO:Spring Data repositories initialized!
2022-01-27 15:56:19 下午 [Thread: SpringContextShutdownHook][ Class:org.mongodb.driver.connection >> Method: com.mongodb.diagnostics.logging.SLF4JLogger.info(SLF4JLogger.java:71) ]
INFO:Closed connection [connectionId{localValue:2, serverValue:577}] to localhost:27017 because the pool has been closed.
2022-01-27 15:56:20 下午 [Thread: SpringContextShutdownHook][ Class:com.zaxxer.hikari.HikariDataSource >> Method: com.zaxxer.hikari.HikariDataSource.close(HikariDataSource.java:350) ]
INFO:HikariPool-1 - Shutdown initiated...
2022-01-27 15:56:20 下午 [Thread: SpringContextShutdownHook][ Class:com.zaxxer.hikari.HikariDataSource >> Method: com.zaxxer.hikari.HikariDataSource.close(HikariDataSource.java:352) ]
INFO:HikariPool-1 - Shutdown completed.
