2022-02-17 11:04:24 上午 [Thread: main][ Class:org.springframework.data.convert.CustomConversions >> Method: org.springframework.data.convert.CustomConversions.register(CustomConversions.java:263) ]
WARN:Registering converter from class java.time.LocalDateTime to class org.joda.time.LocalDateTime as reading converter although it doesn't convert from a store-supported type! You might want to check your annotation setup at the converter implementation.
2022-02-17 11:04:24 上午 [Thread: main][ Class:org.springframework.data.convert.CustomConversions >> Method: org.springframework.data.convert.CustomConversions.register(CustomConversions.java:263) ]
WARN:Registering converter from class java.time.LocalDateTime to class org.joda.time.LocalDateTime as reading converter although it doesn't convert from a store-supported type! You might want to check your annotation setup at the converter implementation.
2022-02-17 11:04:30 上午 [Thread: main][ Class:org.springframework.boot.web.servlet.context.AnnotationConfigServletWebServerApplicationContext >> Method: org.springframework.context.support.AbstractApplicationContext.refresh(AbstractApplicationContext.java:558) ]
WARN:Exception encountered during context initialization - cancelling refresh attempt: org.springframework.context.ApplicationContextException: Failed to start bean 'webServerStartStop'; nested exception is org.springframework.boot.web.server.PortInUseException: Port 8007 is already in use
2022-02-17 11:04:30 上午 [Thread: main][ Class:org.springframework.boot.diagnostics.LoggingFailureAnalysisReporter >> Method: org.springframework.boot.diagnostics.LoggingFailureAnalysisReporter.report(LoggingFailureAnalysisReporter.java:40) ]
ERROR:

***************************
APPLICATION FAILED TO START
***************************

Description:

Web server failed to start. Port 8007 was already in use.

Action:

Identify and stop the process that's listening on port 8007 or configure this application to listen on another port.

2022-02-17 11:12:04 上午 [Thread: main][ Class:org.springframework.data.convert.CustomConversions >> Method: org.springframework.data.convert.CustomConversions.register(CustomConversions.java:263) ]
WARN:Registering converter from class java.time.LocalDateTime to class org.joda.time.LocalDateTime as reading converter although it doesn't convert from a store-supported type! You might want to check your annotation setup at the converter implementation.
2022-02-17 11:12:04 上午 [Thread: main][ Class:org.springframework.data.convert.CustomConversions >> Method: org.springframework.data.convert.CustomConversions.register(CustomConversions.java:263) ]
WARN:Registering converter from class java.time.LocalDateTime to class org.joda.time.LocalDateTime as reading converter although it doesn't convert from a store-supported type! You might want to check your annotation setup at the converter implementation.
2022-02-17 11:12:09 上午 [Thread: main][ Class:org.springframework.boot.web.servlet.context.AnnotationConfigServletWebServerApplicationContext >> Method: org.springframework.context.support.AbstractApplicationContext.refresh(AbstractApplicationContext.java:558) ]
WARN:Exception encountered during context initialization - cancelling refresh attempt: org.springframework.context.ApplicationContextException: Failed to start bean 'webServerStartStop'; nested exception is org.springframework.boot.web.server.PortInUseException: Port 8007 is already in use
2022-02-17 11:12:10 上午 [Thread: main][ Class:org.springframework.boot.diagnostics.LoggingFailureAnalysisReporter >> Method: org.springframework.boot.diagnostics.LoggingFailureAnalysisReporter.report(LoggingFailureAnalysisReporter.java:40) ]
ERROR:

***************************
APPLICATION FAILED TO START
***************************

Description:

Web server failed to start. Port 8007 was already in use.

Action:

Identify and stop the process that's listening on port 8007 or configure this application to listen on another port.

2022-02-17 11:13:08 上午 [Thread: main][ Class:org.springframework.data.convert.CustomConversions >> Method: org.springframework.data.convert.CustomConversions.register(CustomConversions.java:263) ]
WARN:Registering converter from class java.time.LocalDateTime to class org.joda.time.LocalDateTime as reading converter although it doesn't convert from a store-supported type! You might want to check your annotation setup at the converter implementation.
2022-02-17 11:13:08 上午 [Thread: main][ Class:org.springframework.data.convert.CustomConversions >> Method: org.springframework.data.convert.CustomConversions.register(CustomConversions.java:263) ]
WARN:Registering converter from class java.time.LocalDateTime to class org.joda.time.LocalDateTime as reading converter although it doesn't convert from a store-supported type! You might want to check your annotation setup at the converter implementation.
2022-02-17 11:13:14 上午 [Thread: main][ Class:springfox.documentation.spring.web.readers.parameter.ParameterDataTypeReader >> Method: springfox.documentation.spring.web.readers.parameter.ParameterDataTypeReader.apply(ParameterDataTypeReader.java:92) ]
WARN:Trying to infer dataType java.util.Set<java.lang.Integer>
